<?xml version="1.0" encoding="UTF-8"?>
<testng-results ignored="0" total="1" passed="1" failed="0" skipped="0">
  <reporter-output>
  </reporter-output>
  <suite started-at="2025-06-21T06:11:40 EDT" name="CucumberTestSuite" finished-at="2025-06-21T06:11:42 EDT" duration-ms="1773">
    <groups>
      <group name="cucumber">
        <method signature="AbstractTestNGCucumberTests.runScenario(io.cucumber.testng.PickleWrapper,io.cucumber.testng.FeatureWrapper)[pri:0, instance:org.runner.RunnerTest@12aba8be]" name="runScenario" class="io.cucumber.testng.AbstractTestNGCucumberTests"/>
      </group> <!-- cucumber -->
    </groups>
    <test started-at="2025-06-21T06:11:40 EDT" name="CucumberTests" finished-at="2025-06-21T06:11:42 EDT" duration-ms="1773">
      <class name="org.runner.RunnerTest">
        <test-method is-config="true" signature="setUpClass(org.testng.ITestContext)[pri:0, instance:org.runner.RunnerTest@12aba8be]" started-at="2025-06-21T06:11:40 EDT" name="setUpClass" finished-at="2025-06-21T06:11:41 EDT" duration-ms="337" status="PASS">
          <params>
            <param index="0">
              <value>
                <![CDATA[org.testng.TestRunner@3e6f3bae]]>
              </value>
            </param>
          </params>
          <reporter-output>
          </reporter-output>
        </test-method> <!-- setUpClass -->
        <test-method signature="runScenario(io.cucumber.testng.PickleWrapper,io.cucumber.testng.FeatureWrapper)[pri:0, instance:org.runner.RunnerTest@12aba8be]" started-at="2025-06-21T06:11:41 EDT" name="runScenario" description="Runs Cucumber Scenarios" data-provider="scenarios" finished-at="2025-06-21T06:11:42 EDT" duration-ms="1374" status="PASS">
          <params>
            <param index="0">
              <value>
                <![CDATA["Verify API response for a user"]]>
              </value>
            </param>
            <param index="1">
              <value>
                <![CDATA["API Testing with RestAssured and Cucumber"]]>
              </value>
            </param>
          </params>
          <reporter-output>
          </reporter-output>
        </test-method> <!-- runScenario -->
        <test-method is-config="true" signature="tearDownClass()[pri:0, instance:org.runner.RunnerTest@12aba8be]" started-at="2025-06-21T06:11:42 EDT" name="tearDownClass" finished-at="2025-06-21T06:11:42 EDT" duration-ms="38" status="PASS">
          <reporter-output>
          </reporter-output>
        </test-method> <!-- tearDownClass -->
      </class> <!-- org.runner.RunnerTest -->
    </test> <!-- CucumberTests -->
  </suite> <!-- CucumberTestSuite -->
</testng-results>
